1582613375023	mozrunner::runner	INFO	Running command: "C:\\Program Files\\Mozilla Firefox\\firefox.exe" "-marionette" "-foreground" "-no-remote" "-profile" "C:\\Users\\Hoony\\AppData\\Local\\Temp\\rust_mozprofileyTKEAS"
1582613375440	addons.webextension.doh-rollout@mozilla.org	WARN	Loading extension 'doh-rollout@mozilla.org': Reading manifest: Invalid extension permission: networkStatus
1582613375782	addons.webextension.screenshots@mozilla.org	WARN	Loading extension 'screenshots@mozilla.org': Reading manifest: Invalid extension permission: mozillaAddons
1582613375783	addons.webextension.screenshots@mozilla.org	WARN	Loading extension 'screenshots@mozilla.org': Reading manifest: Invalid extension permission: telemetry
1582613375783	addons.webextension.screenshots@mozilla.org	WARN	Loading extension 'screenshots@mozilla.org': Reading manifest: Invalid extension permission: resource://pdf.js/
1582613375783	addons.webextension.screenshots@mozilla.org	WARN	Loading extension 'screenshots@mozilla.org': Reading manifest: Invalid extension permission: about:reader*
JavaScript error: resource://gre/modules/XULStore.jsm, line 66: Error: Can't find profile directory.
1582613378491	Marionette	INFO	Listening on port 7671
1582613378639	Marionette	WARN	TLS certificate errors will be ignored for this session
1582613391544	Marionette	INFO	Stopped listening on port 7671

###!!! [Child][RunMessage] Error: Channel closing: too late to send/recv, messages will be lost


###!!! [Child][MessageChannel::SendAndWait] Error: Channel error: cannot send/recv


KLIB_SelfTest return : KLR_OK
1582613531331	mozrunner::runner	INFO	Running command: "C:\\Program Files\\Mozilla Firefox\\firefox.exe" "-marionette" "-foreground" "-no-remote" "-profile" "C:\\Users\\Hoony\\AppData\\Local\\Temp\\rust_mozprofile6pAFxh"
1582613531615	addons.webextension.doh-rollout@mozilla.org	WARN	Loading extension 'doh-rollout@mozilla.org': Reading manifest: Invalid extension permission: networkStatus
1582613531840	addons.webextension.screenshots@mozilla.org	WARN	Loading extension 'screenshots@mozilla.org': Reading manifest: Invalid extension permission: mozillaAddons
1582613531840	addons.webextension.screenshots@mozilla.org	WARN	Loading extension 'screenshots@mozilla.org': Reading manifest: Invalid extension permission: telemetry
1582613531840	addons.webextension.screenshots@mozilla.org	WARN	Loading extension 'screenshots@mozilla.org': Reading manifest: Invalid extension permission: resource://pdf.js/
1582613531840	addons.webextension.screenshots@mozilla.org	WARN	Loading extension 'screenshots@mozilla.org': Reading manifest: Invalid extension permission: about:reader*
JavaScript error: resource://gre/modules/XULStore.jsm, line 66: Error: Can't find profile directory.
1582613533542	Marionette	INFO	Listening on port 7853
1582613533952	Marionette	WARN	TLS certificate errors will be ignored for this session
1582613542533	Marionette	INFO	Stopped listening on port 7853

###!!! [Child][RunMessage] Error: Channel closing: too late to send/recv, messages will be lost


###!!! [Child][MessageChannel::SendAndWait] Error: Channel error: cannot send/recv


KLIB_SelfTest return : KLR_OK
1582613574073	mozrunner::runner	INFO	Running command: "C:\\Program Files\\Mozilla Firefox\\firefox.exe" "-marionette" "--headless" "-foreground" "-no-remote" "-profile" "C:\\Users\\Hoony\\AppData\\Local\\Temp\\rust_mozprofileUN0QFF"
*** You are running in headless mode.
1582613574359	addons.webextension.doh-rollout@mozilla.org	WARN	Loading extension 'doh-rollout@mozilla.org': Reading manifest: Invalid extension permission: networkStatus
1582613574594	addons.webextension.screenshots@mozilla.org	WARN	Loading extension 'screenshots@mozilla.org': Reading manifest: Invalid extension permission: mozillaAddons
1582613574594	addons.webextension.screenshots@mozilla.org	WARN	Loading extension 'screenshots@mozilla.org': Reading manifest: Invalid extension permission: telemetry
1582613574594	addons.webextension.screenshots@mozilla.org	WARN	Loading extension 'screenshots@mozilla.org': Reading manifest: Invalid extension permission: resource://pdf.js/
1582613574595	addons.webextension.screenshots@mozilla.org	WARN	Loading extension 'screenshots@mozilla.org': Reading manifest: Invalid extension permission: about:reader*
JavaScript error: resource://gre/modules/XULStore.jsm, line 66: Error: Can't find profile directory.
1582613575534	Marionette	INFO	Listening on port 7996
1582613575584	Marionette	WARN	TLS certificate errors will be ignored for this session
1582613598794	Marionette	INFO	Stopped listening on port 7996
1582613637911	mozrunner::runner	INFO	Running command: "C:\\Program Files\\Mozilla Firefox\\firefox.exe" "-marionette" "--headless" "-foreground" "-no-remote" "-profile" "C:\\Users\\Hoony\\AppData\\Local\\Temp\\rust_mozprofileJDKt8i"
*** You are running in headless mode.
1582613638194	addons.webextension.doh-rollout@mozilla.org	WARN	Loading extension 'doh-rollout@mozilla.org': Reading manifest: Invalid extension permission: networkStatus
1582613638426	addons.webextension.screenshots@mozilla.org	WARN	Loading extension 'screenshots@mozilla.org': Reading manifest: Invalid extension permission: mozillaAddons
1582613638426	addons.webextension.screenshots@mozilla.org	WARN	Loading extension 'screenshots@mozilla.org': Reading manifest: Invalid extension permission: telemetry
1582613638426	addons.webextension.screenshots@mozilla.org	WARN	Loading extension 'screenshots@mozilla.org': Reading manifest: Invalid extension permission: resource://pdf.js/
1582613638426	addons.webextension.screenshots@mozilla.org	WARN	Loading extension 'screenshots@mozilla.org': Reading manifest: Invalid extension permission: about:reader*
JavaScript error: resource://gre/modules/XULStore.jsm, line 66: Error: Can't find profile directory.
1582613639375	Marionette	INFO	Listening on port 8132
1582613639420	Marionette	WARN	TLS certificate errors will be ignored for this session
1582613652636	Marionette	INFO	Stopped listening on port 8132
1582615574676	mozrunner::runner	INFO	Running command: "C:\\Program Files\\Mozilla Firefox\\firefox.exe" "-marionette" "-foreground" "-no-remote" "-profile" "C:\\Users\\Hoony\\AppData\\Local\\Temp\\rust_mozprofileOXp4WL"
1582615574951	addons.webextension.doh-rollout@mozilla.org	WARN	Loading extension 'doh-rollout@mozilla.org': Reading manifest: Invalid extension permission: networkStatus
1582615575189	addons.webextension.screenshots@mozilla.org	WARN	Loading extension 'screenshots@mozilla.org': Reading manifest: Invalid extension permission: mozillaAddons
1582615575189	addons.webextension.screenshots@mozilla.org	WARN	Loading extension 'screenshots@mozilla.org': Reading manifest: Invalid extension permission: telemetry
1582615575189	addons.webextension.screenshots@mozilla.org	WARN	Loading extension 'screenshots@mozilla.org': Reading manifest: Invalid extension permission: resource://pdf.js/
1582615575189	addons.webextension.screenshots@mozilla.org	WARN	Loading extension 'screenshots@mozilla.org': Reading manifest: Invalid extension permission: about:reader*
JavaScript error: resource://gre/modules/XULStore.jsm, line 66: Error: Can't find profile directory.
1582615577135	Marionette	INFO	Listening on port 14080
1582615577289	Marionette	WARN	TLS certificate errors will be ignored for this session
1582615792644	Marionette	INFO	Stopped listening on port 14080

###!!! [Child][RunMessage] Error: Channel closing: too late to send/recv, messages will be lost


###!!! [Child][MessageChannel::SendAndWait] Error: Channel error: cannot send/recv


KLIB_SelfTest return : KLR_OK
1582615802600	mozrunner::runner	INFO	Running command: "C:\\Program Files\\Mozilla Firefox\\firefox.exe" "-marionette" "-foreground" "-no-remote" "-profile" "C:\\Users\\Hoony\\AppData\\Local\\Temp\\rust_mozprofilebSuzNE"
1582615802881	addons.webextension.doh-rollout@mozilla.org	WARN	Loading extension 'doh-rollout@mozilla.org': Reading manifest: Invalid extension permission: networkStatus
1582615803111	addons.webextension.screenshots@mozilla.org	WARN	Loading extension 'screenshots@mozilla.org': Reading manifest: Invalid extension permission: mozillaAddons
1582615803112	addons.webextension.screenshots@mozilla.org	WARN	Loading extension 'screenshots@mozilla.org': Reading manifest: Invalid extension permission: telemetry
1582615803112	addons.webextension.screenshots@mozilla.org	WARN	Loading extension 'screenshots@mozilla.org': Reading manifest: Invalid extension permission: resource://pdf.js/
1582615803112	addons.webextension.screenshots@mozilla.org	WARN	Loading extension 'screenshots@mozilla.org': Reading manifest: Invalid extension permission: about:reader*
JavaScript error: resource://gre/modules/XULStore.jsm, line 66: Error: Can't find profile directory.
1582615805084	Marionette	INFO	Listening on port 10677
1582615805214	Marionette	WARN	TLS certificate errors will be ignored for this session
1582615999518	Marionette	INFO	Stopped listening on port 10677

###!!! [Child][MessageChannel::SendAndWait] Error: Channel error: cannot send/recv


KLIB_SelfTest return : KLR_OK
Local\\Temp\\rust_mozprofileqw3HoI"
1582615873718	addons.webextension.doh-rollout@mozilla.org	WARN	Loading extension 'doh-rollout@mozilla.org': Reading manifest: Invalid extension permission: networkStatus
1582615873955	addons.webextension.screenshots@mozilla.org	WARN	Loading extension 'screenshots@mozilla.org': Reading manifest: Invalid extension permission: mozillaAddons
1582615873955	addons.webextension.screenshots@mozilla.org	WARN	Loading extension 'screenshots@mozilla.org': Reading manifest: Invalid extension permission: telemetry
1582615873955	addons.webextension.screenshots@mozilla.org	WARN	Loading extension 'screenshots@mozilla.org': Reading manifest: Invalid extension permission: resource://pdf.js/
1582615873955	addons.webextension.screenshots@mozilla.org	WARN	Loading extension 'screenshots@mozilla.org': Reading manifest: Invalid extension permission: about:reader*
JavaScript error: resource://gre/modules/XULStore.jsm, line 66: Error: Can't find profile directory.
1582615875821	Marionette	INFO	Listening on port 13956
1582615876040	Marionette	WARN	TLS certificate errors will be ignored for this session
console.error: "Error sending event: serverWebSocketClosed"
console.error: (new Error("undefined passed where a value is required", "resource://devtools/shared/protocol/types.js", 115))
Error: undefined passed where a value is required: identityWrite@resource://devtools/shared/protocol/types.js:115:11
write@resource://devtools/shared/protocol/Request.js:117:22
write@resource://devtools/shared/protocol/Request.js:43:26
_sendEvent@resource://devtools/shared/protocol/Actor.js:66:24
initialize/<@resource://devtools/shared/protocol/Actor.js:46:16
emit@resource://devtools/shared/event-emitter.js:195:24
emit@resource://devtools/shared/event-emitter.js:276:18
webSocketClosed@resource://devtools/server/actors/network-monitor/websocket-actor.js:96:10

1582615998419	Marionette	INFO	Stopped listening on port 13956

###!!! [Child][RunMessage] Error: Channel closing: too late to send/recv, messages will be lost


###!!! [Child][MessageChannel::SendAndWait] Error: Channel error: cannot send/recv


KLIB_SelfTest return : KLR_OK
ading extension 'doh-rollout@mozilla.org': Reading manifest: Invalid extension permission: networkStatus
1582615916219	addons.webextension.screenshots@mozilla.org	WARN	Loading extension 'screenshots@mozilla.org': Reading manifest: Invalid extension permission: mozillaAddons
1582615916219	addons.webextension.screenshots@mozilla.org	WARN	Loading extension 'screenshots@mozilla.org': Reading manifest: Invalid extension permission: telemetry
1582615916219	addons.webextension.screenshots@mozilla.org	WARN	Loading extension 'screenshots@mozilla.org': Reading manifest: Invalid extension permission: resource://pdf.js/
1582615916219	addons.webextension.screenshots@mozilla.org	WARN	Loading extension 'screenshots@mozilla.org': Reading manifest: Invalid extension permission: about:reader*
JavaScript error: resource://gre/modules/XULStore.jsm, line 66: Error: Can't find profile directory.
1582615918220	Marionette	INFO	Listening on port 1980
1582615918289	Marionette	WARN	TLS certificate errors will be ignored for this session
1582615919067	Marionette	INFO	Stopped listening on port 1980

###!!! [Child][RunMessage] Error: Channel closing: too late to send/recv, messages will be lost


KLIB_SelfTest return : KLR_OK
1582615924016	mozrunner::runner	INFO	Running command: "C:\\Program Files\\Mozilla Firefox\\firefox.exe" "-marionette" "-foreground" "-no-remote" "-profile" "C:\\Users\\Hoony\\AppData\\Local\\Temp\\rust_mozprofileWNVIys"
1582615924322	addons.webextension.doh-rollout@mozilla.org	WARN	Loading extension 'doh-rollout@mozilla.org': Reading manifest: Invalid extension permission: networkStatus
1582615924609	addons.webextension.screenshots@mozilla.org	WARN	Loading extension 'screenshots@mozilla.org': Reading manifest: Invalid extension permission: mozillaAddons
1582615924609	addons.webextension.screenshots@mozilla.org	WARN	Loading extension 'screenshots@mozilla.org': Reading manifest: Invalid extension permission: telemetry
1582615924610	addons.webextension.screenshots@mozilla.org	WARN	Loading extension 'screenshots@mozilla.org': Reading manifest: Invalid extension permission: resource://pdf.js/
1582615924610	addons.webextension.screenshots@mozilla.org	WARN	Loading extension 'screenshots@mozilla.org': Reading manifest: Invalid extension permission: about:reader*
JavaScript error: resource://gre/modules/XULStore.jsm, line 66: Error: Can't find profile directory.
1582615926576	Marionette	INFO	Listening on port 2384
1582615926630	Marionette	WARN	TLS certificate errors will be ignored for this session
1582615936453	Marionette	INFO	Stopped listening on port 2384

###!!! [Child][RunMessage] Error: Channel closing: too late to send/recv, messages will be lost


###!!! [Child][MessageChannel::SendAndWait] Error: Channel error: cannot send/recv


KLIB_SelfTest return : KLR_OK
1582615981911	mozrunner::runner	INFO	Running command: "C:\\Program Files\\Mozilla Firefox\\firefox.exe" "-marionette" "-foreground" "-no-remote" "-profile" "C:\\Users\\Hoony\\AppData\\Local\\Temp\\rust_mozprofilebTvQxh"
1582615982189	addons.webextension.doh-rollout@mozilla.org	WARN	Loading extension 'doh-rollout@mozilla.org': Reading manifest: Invalid extension permission: networkStatus
1582615982420	addons.webextension.screenshots@mozilla.org	WARN	Loading extension 'screenshots@mozilla.org': Reading manifest: Invalid extension permission: mozillaAddons
1582615982420	addons.webextension.screenshots@mozilla.org	WARN	Loading extension 'screenshots@mozilla.org': Reading manifest: Invalid extension permission: telemetry
1582615982420	addons.webextension.screenshots@mozilla.org	WARN	Loading extension 'screenshots@mozilla.org': Reading manifest: Invalid extension permission: resource://pdf.js/
1582615982420	addons.webextension.screenshots@mozilla.org	WARN	Loading extension 'screenshots@mozilla.org': Reading manifest: Invalid extension permission: about:reader*
JavaScript error: resource://gre/modules/XULStore.jsm, line 66: Error: Can't find profile directory.
1582615984255	Marionette	INFO	Listening on port 5057
1582615984525	Marionette	WARN	TLS certificate errors will be ignored for this session
1582615996362	Marionette	INFO	Stopped listening on port 5057

###!!! [Child][RunMessage] Error: Channel closing: too late to send/recv, messages will be lost


###!!! [Child][MessageChannel::SendAndWait] Error: Channel error: cannot send/recv


KLIB_SelfTest return : KLR_OK
1582616004503	mozrunner::runner	INFO	Running command: "C:\\Program Files\\Mozilla Firefox\\firefox.exe" "-marionette" "-foreground" "-no-remote" "-profile" "C:\\Users\\Hoony\\AppData\\Local\\Temp\\rust_mozprofileA702uA"
1582616004781	addons.webextension.doh-rollout@mozilla.org	WARN	Loading extension 'doh-rollout@mozilla.org': Reading manifest: Invalid extension permission: networkStatus
1582616005014	addons.webextension.screenshots@mozilla.org	WARN	Loading extension 'screenshots@mozilla.org': Reading manifest: Invalid extension permission: mozillaAddons
1582616005014	addons.webextension.screenshots@mozilla.org	WARN	Loading extension 'screenshots@mozilla.org': Reading manifest: Invalid extension permission: telemetry
1582616005014	addons.webextension.screenshots@mozilla.org	WARN	Loading extension 'screenshots@mozilla.org': Reading manifest: Invalid extension permission: resource://pdf.js/
1582616005014	addons.webextension.screenshots@mozilla.org	WARN	Loading extension 'screenshots@mozilla.org': Reading manifest: Invalid extension permission: about:reader*
JavaScript error: resource://gre/modules/XULStore.jsm, line 66: Error: Can't find profile directory.
1582616006885	Marionette	INFO	Listening on port 6145
1582616007127	Marionette	WARN	TLS certificate errors will be ignored for this session
1582616018003	Marionette	INFO	Stopped listening on port 6145

###!!! [Child][RunMessage] Error: Channel closing: too late to send/recv, messages will be lost


###!!! [Child][MessageChannel::SendAndWait] Error: Channel error: cannot send/recv


KLIB_SelfTest return : KLR_OK
1582616022107	mozrunner::runner	INFO	Running command: "C:\\Program Files\\Mozilla Firefox\\firefox.exe" "-marionette" "-foreground" "-no-remote" "-profile" "C:\\Users\\Hoony\\AppData\\Local\\Temp\\rust_mozprofilenzuB71"
1582616022389	addons.webextension.doh-rollout@mozilla.org	WARN	Loading extension 'doh-rollout@mozilla.org': Reading manifest: Invalid extension permission: networkStatus
1582616022618	addons.webextension.screenshots@mozilla.org	WARN	Loading extension 'screenshots@mozilla.org': Reading manifest: Invalid extension permission: mozillaAddons
1582616022618	addons.webextension.screenshots@mozilla.org	WARN	Loading extension 'screenshots@mozilla.org': Reading manifest: Invalid extension permission: telemetry
1582616022618	addons.webextension.screenshots@mozilla.org	WARN	Loading extension 'screenshots@mozilla.org': Reading manifest: Invalid extension permission: resource://pdf.js/
1582616022618	addons.webextension.screenshots@mozilla.org	WARN	Loading extension 'screenshots@mozilla.org': Reading manifest: Invalid extension permission: about:reader*
JavaScript error: resource://gre/modules/XULStore.jsm, line 66: Error: Can't find profile directory.
1582616024439	Marionette	INFO	Listening on port 7009
1582616024720	Marionette	WARN	TLS certificate errors will be ignored for this session
JavaScript error: resource://devtools/client/inspector/flexbox/flexbox.js, line 52: TypeError: this.inspector is null
JavaScript error: resource://devtools/client/inspector/grids/grid-inspector.js, line 99: TypeError: this.inspector is null
JavaScript error: resource://devtools/server/actors/network-monitor/network-response-listener.js, line 84: NS_ERROR_FAILURE: Component returned failure code: 0x80004005 (NS_ERROR_FAILURE) [nsIInterfaceRequestor.getInterface]
1582617262138	mozrunner::runner	INFO	Running command: "C:\\Program Files\\Mozilla Firefox\\firefox.exe" "-marionette" "-foreground" "-no-remote" "-profile" "C:\\Users\\Hoony\\AppData\\Local\\Temp\\rust_mozprofileKPHJKq"
1582617262417	addons.webextension.doh-rollout@mozilla.org	WARN	Loading extension 'doh-rollout@mozilla.org': Reading manifest: Invalid extension permission: networkStatus
1582617262677	addons.webextension.screenshots@mozilla.org	WARN	Loading extension 'screenshots@mozilla.org': Reading manifest: Invalid extension permission: mozillaAddons
1582617262677	addons.webextension.screenshots@mozilla.org	WARN	Loading extension 'screenshots@mozilla.org': Reading manifest: Invalid extension permission: telemetry
1582617262677	addons.webextension.screenshots@mozilla.org	WARN	Loading extension 'screenshots@mozilla.org': Reading manifest: Invalid extension permission: resource://pdf.js/
1582617262677	addons.webextension.screenshots@mozilla.org	WARN	Loading extension 'screenshots@mozilla.org': Reading manifest: Invalid extension permission: about:reader*
JavaScript error: resource://gre/modules/XULStore.jsm, line 66: Error: Can't find profile directory.
1582617264501	Marionette	INFO	Listening on port 9061
1582617264757	Marionette	WARN	TLS certificate errors will be ignored for this session
1582617300046	Marionette	INFO	Stopped listening on port 9061

###!!! [Child][MessageChannel::SendAndWait] Error: Channel error: cannot send/recv


KLIB_SelfTest return : KLR_OK
1582617309622	mozrunner::runner	INFO	Running command: "C:\\Program Files\\Mozilla Firefox\\firefox.exe" "-marionette" "-foreground" "-no-remote" "-profile" "C:\\Users\\Hoony\\AppData\\Local\\Temp\\rust_mozprofile4PlIXr"
1582617309897	addons.webextension.doh-rollout@mozilla.org	WARN	Loading extension 'doh-rollout@mozilla.org': Reading manifest: Invalid extension permission: networkStatus
1582617310127	addons.webextension.screenshots@mozilla.org	WARN	Loading extension 'screenshots@mozilla.org': Reading manifest: Invalid extension permission: mozillaAddons
1582617310127	addons.webextension.screenshots@mozilla.org	WARN	Loading extension 'screenshots@mozilla.org': Reading manifest: Invalid extension permission: telemetry
1582617310127	addons.webextension.screenshots@mozilla.org	WARN	Loading extension 'screenshots@mozilla.org': Reading manifest: Invalid extension permission: resource://pdf.js/
1582617310127	addons.webextension.screenshots@mozilla.org	WARN	Loading extension 'screenshots@mozilla.org': Reading manifest: Invalid extension permission: about:reader*
JavaScript error: resource://gre/modules/XULStore.jsm, line 66: Error: Can't find profile directory.
1582617311987	Marionette	INFO	Listening on port 11373
1582617312235	Marionette	WARN	TLS certificate errors will be ignored for this session
1582617328909	Marionette	INFO	Stopped listening on port 11373

###!!! [Child][RunMessage] Error: Channel closing: too late to send/recv, messages will be lost


###!!! [Child][MessageChannel::SendAndWait] Error: Channel error: cannot send/recv


KLIB_SelfTest return : KLR_OK
1582617388662	mozrunner::runner	INFO	Running command: "C:\\Program Files\\Mozilla Firefox\\firefox.exe" "-marionette" "-foreground" "-no-remote" "-profile" "C:\\Users\\Hoony\\AppData\\Local\\Temp\\rust_mozprofileLn9FWl"
1582617388938	addons.webextension.doh-rollout@mozilla.org	WARN	Loading extension 'doh-rollout@mozilla.org': Reading manifest: Invalid extension permission: networkStatus
1582617389173	addons.webextension.screenshots@mozilla.org	WARN	Loading extension 'screenshots@mozilla.org': Reading manifest: Invalid extension permission: mozillaAddons
1582617389173	addons.webextension.screenshots@mozilla.org	WARN	Loading extension 'screenshots@mozilla.org': Reading manifest: Invalid extension permission: telemetry
1582617389173	addons.webextension.screenshots@mozilla.org	WARN	Loading extension 'screenshots@mozilla.org': Reading manifest: Invalid extension permission: resource://pdf.js/
1582617389173	addons.webextension.screenshots@mozilla.org	WARN	Loading extension 'screenshots@mozilla.org': Reading manifest: Invalid extension permission: about:reader*
JavaScript error: resource://gre/modules/XULStore.jsm, line 66: Error: Can't find profile directory.
1582617391055	Marionette	INFO	Listening on port 1124
1582617391282	Marionette	WARN	TLS certificate errors will be ignored for this session
1582617456939	Marionette	INFO	Stopped listening on port 1124

###!!! [Child][RunMessage] Error: Channel closing: too late to send/recv, messages will be lost


###!!! [Child][MessageChannel::SendAndWait] Error: Channel error: cannot send/recv


KLIB_SelfTest return : KLR_OK
1582617467505	mozrunner::runner	INFO	Running command: "C:\\Program Files\\Mozilla Firefox\\firefox.exe" "-marionette" "-foreground" "-no-remote" "-profile" "C:\\Users\\Hoony\\AppData\\Local\\Temp\\rust_mozprofilehq5jPH"
1582617467797	addons.webextension.doh-rollout@mozilla.org	WARN	Loading extension 'doh-rollout@mozilla.org': Reading manifest: Invalid extension permission: networkStatus
1582617468029	addons.webextension.screenshots@mozilla.org	WARN	Loading extension 'screenshots@mozilla.org': Reading manifest: Invalid extension permission: mozillaAddons
1582617468029	addons.webextension.screenshots@mozilla.org	WARN	Loading extension 'screenshots@mozilla.org': Reading manifest: Invalid extension permission: telemetry
1582617468029	addons.webextension.screenshots@mozilla.org	WARN	Loading extension 'screenshots@mozilla.org': Reading manifest: Invalid extension permission: resource://pdf.js/
1582617468029	addons.webextension.screenshots@mozilla.org	WARN	Loading extension 'screenshots@mozilla.org': Reading manifest: Invalid extension permission: about:reader*
JavaScript error: resource://gre/modules/XULStore.jsm, line 66: Error: Can't find profile directory.
1582617469947	Marionette	INFO	Listening on port 4902
1582617470118	Marionette	WARN	TLS certificate errors will be ignored for this session
1582617484437	Marionette	INFO	Stopped listening on port 4902

###!!! [Child][RunMessage] Error: Channel closing: too late to send/recv, messages will be lost


###!!! [Child][MessageChannel::SendAndWait] Error: Channel error: cannot send/recv


KLIB_SelfTest return : KLR_OK
1582617546343	mozrunner::runner	INFO	Running command: "C:\\Program Files\\Mozilla Firefox\\firefox.exe" "-marionette" "-foreground" "-no-remote" "-profile" "C:\\Users\\Hoony\\AppData\\Local\\Temp\\rust_mozprofile4ccsXg"
1582617546622	addons.webextension.doh-rollout@mozilla.org	WARN	Loading extension 'doh-rollout@mozilla.org': Reading manifest: Invalid extension permission: networkStatus
1582617546855	addons.webextension.screenshots@mozilla.org	WARN	Loading extension 'screenshots@mozilla.org': Reading manifest: Invalid extension permission: mozillaAddons
1582617546855	addons.webextension.screenshots@mozilla.org	WARN	Loading extension 'screenshots@mozilla.org': Reading manifest: Invalid extension permission: telemetry
1582617546855	addons.webextension.screenshots@mozilla.org	WARN	Loading extension 'screenshots@mozilla.org': Reading manifest: Invalid extension permission: resource://pdf.js/
1582617546856	addons.webextension.screenshots@mozilla.org	WARN	Loading extension 'screenshots@mozilla.org': Reading manifest: Invalid extension permission: about:reader*
JavaScript error: resource://gre/modules/XULStore.jsm, line 66: Error: Can't find profile directory.
1582617548627	Marionette	INFO	Listening on port 8663
1582617548957	Marionette	WARN	TLS certificate errors will be ignored for this session
[Child 26328, Chrome_ChildThread] WARNING: pipe error: 232: file z:/task_1581954009/build/src/ipc/chromium/src/chrome/common/ipc_channel_win.cc, line 507

###!!! [Child][RunMessage] Error: Channel error: cannot send/recv

1582617559390	Marionette	INFO	Stopped listening on port 8663

###!!! [Child][RunMessage] Error: Channel closing: too late to send/recv, messages will be lost


###!!! [Child][MessageChannel::SendAndWait] Error: Channel error: cannot send/recv


KLIB_SelfTest return : KLR_OK
1582617629672	mozrunner::runner	INFO	Running command: "C:\\Program Files\\Mozilla Firefox\\firefox.exe" "-marionette" "-foreground" "-no-remote" "-profile" "C:\\Users\\Hoony\\AppData\\Local\\Temp\\rust_mozprofilehpXuO2"
1582617629964	addons.webextension.doh-rollout@mozilla.org	WARN	Loading extension 'doh-rollout@mozilla.org': Reading manifest: Invalid extension permission: networkStatus
1582617630361	addons.webextension.screenshots@mozilla.org	WARN	Loading extension 'screenshots@mozilla.org': Reading manifest: Invalid extension permission: mozillaAddons
1582617630362	addons.webextension.screenshots@mozilla.org	WARN	Loading extension 'screenshots@mozilla.org': Reading manifest: Invalid extension permission: telemetry
1582617630362	addons.webextension.screenshots@mozilla.org	WARN	Loading extension 'screenshots@mozilla.org': Reading manifest: Invalid extension permission: resource://pdf.js/
1582617630362	addons.webextension.screenshots@mozilla.org	WARN	Loading extension 'screenshots@mozilla.org': Reading manifest: Invalid extension permission: about:reader*
JavaScript error: resource://gre/modules/XULStore.jsm, line 66: Error: Can't find profile directory.
1582617632204	Marionette	INFO	Listening on port 12581
1582617632286	Marionette	WARN	TLS certificate errors will be ignored for this session
1582617642253	Marionette	INFO	Stopped listening on port 12581

###!!! [Child][RunMessage] Error: Channel closing: too late to send/recv, messages will be lost


KLIB_SelfTest return : KLR_OK
1582617653556	mozrunner::runner	INFO	Running command: "C:\\Program Files\\Mozilla Firefox\\firefox.exe" "-marionette" "-foreground" "-no-remote" "-profile" "C:\\Users\\Hoony\\AppData\\Local\\Temp\\rust_mozprofilegkS5vd"
1582617653839	addons.webextension.doh-rollout@mozilla.org	WARN	Loading extension 'doh-rollout@mozilla.org': Reading manifest: Invalid extension permission: networkStatus
1582617654078	addons.webextension.screenshots@mozilla.org	WARN	Loading extension 'screenshots@mozilla.org': Reading manifest: Invalid extension permission: mozillaAddons
1582617654078	addons.webextension.screenshots@mozilla.org	WARN	Loading extension 'screenshots@mozilla.org': Reading manifest: Invalid extension permission: telemetry
1582617654078	addons.webextension.screenshots@mozilla.org	WARN	Loading extension 'screenshots@mozilla.org': Reading manifest: Invalid extension permission: resource://pdf.js/
1582617654078	addons.webextension.screenshots@mozilla.org	WARN	Loading extension 'screenshots@mozilla.org': Reading manifest: Invalid extension permission: about:reader*
JavaScript error: resource://gre/modules/XULStore.jsm, line 66: Error: Can't find profile directory.
1582617655838	Marionette	INFO	Listening on port 13731
1582617656176	Marionette	WARN	TLS certificate errors will be ignored for this session
1582617666225	Marionette	INFO	Stopped listening on port 13731

###!!! [Child][RunMessage] Error: Channel closing: too late to send/recv, messages will be lost


###!!! [Child][MessageChannel::SendAndWait] Error: Channel error: cannot send/recv


KLIB_SelfTest return : KLR_OK
1582617747095	mozrunner::runner	INFO	Running command: "C:\\Program Files\\Mozilla Firefox\\firefox.exe" "-marionette" "-foreground" "-no-remote" "-profile" "C:\\Users\\Hoony\\AppData\\Local\\Temp\\rust_mozprofileCSt5X3"
1582617747383	addons.webextension.doh-rollout@mozilla.org	WARN	Loading extension 'doh-rollout@mozilla.org': Reading manifest: Invalid extension permission: networkStatus
1582617747614	addons.webextension.screenshots@mozilla.org	WARN	Loading extension 'screenshots@mozilla.org': Reading manifest: Invalid extension permission: mozillaAddons
1582617747614	addons.webextension.screenshots@mozilla.org	WARN	Loading extension 'screenshots@mozilla.org': Reading manifest: Invalid extension permission: telemetry
1582617747614	addons.webextension.screenshots@mozilla.org	WARN	Loading extension 'screenshots@mozilla.org': Reading manifest: Invalid extension permission: resource://pdf.js/
1582617747614	addons.webextension.screenshots@mozilla.org	WARN	Loading extension 'screenshots@mozilla.org': Reading manifest: Invalid extension permission: about:reader*
JavaScript error: resource://gre/modules/XULStore.jsm, line 66: Error: Can't find profile directory.
1582617749467	Marionette	INFO	Listening on port 4103
1582617749712	Marionette	WARN	TLS certificate errors will be ignored for this session
1582617761271	Marionette	INFO	Stopped listening on port 4103

###!!! [Child][RunMessage] Error: Channel closing: too late to send/recv, messages will be lost


###!!! [Child][MessageChannel::SendAndWait] Error: Channel error: cannot send/recv


KLIB_SelfTest return : KLR_OK
1582617861704	mozrunner::runner	INFO	Running command: "C:\\Program Files\\Mozilla Firefox\\firefox.exe" "-marionette" "-foreground" "-no-remote" "-profile" "C:\\Users\\Hoony\\AppData\\Local\\Temp\\rust_mozprofiletXGnSR"
1582617862015	addons.webextension.doh-rollout@mozilla.org	WARN	Loading extension 'doh-rollout@mozilla.org': Reading manifest: Invalid extension permission: networkStatus
1582617862261	addons.webextension.screenshots@mozilla.org	WARN	Loading extension 'screenshots@mozilla.org': Reading manifest: Invalid extension permission: mozillaAddons
1582617862261	addons.webextension.screenshots@mozilla.org	WARN	Loading extension 'screenshots@mozilla.org': Reading manifest: Invalid extension permission: telemetry
1582617862261	addons.webextension.screenshots@mozilla.org	WARN	Loading extension 'screenshots@mozilla.org': Reading manifest: Invalid extension permission: resource://pdf.js/
1582617862261	addons.webextension.screenshots@mozilla.org	WARN	Loading extension 'screenshots@mozilla.org': Reading manifest: Invalid extension permission: about:reader*
JavaScript error: resource://gre/modules/XULStore.jsm, line 66: Error: Can't find profile directory.
1582617864175	Marionette	INFO	Listening on port 9629
1582617864323	Marionette	WARN	TLS certificate errors will be ignored for this session
JavaScript error: resource:///actors/AboutReaderChild.jsm, line 95: NS_ERROR_UNEXPECTED: 

###!!! [Child][MessageChannel] Error: (msgtype=0x370135,name=PContent::Msg_DetachBrowsingContext) Closed channel: cannot send/recv

248181	addons.webextension.doh-rollout@mozilla.org	WARN	Loading extension 'doh-rollout@mozilla.org': Reading manifest: Invalid extension permission: networkStatus
1582618248426	addons.webextension.screenshots@mozilla.org	WARN	Loading extension 'screenshots@mozilla.org': Reading manifest: Invalid extension permission: mozillaAddons
1582618248426	addons.webextension.screenshots@mozilla.org	WARN	Loading extension 'screenshots@mozilla.org': Reading manifest: Invalid extension permission: telemetry
1582618248426	addons.webextension.screenshots@mozilla.org	WARN	Loading extension 'screenshots@mozilla.org': Reading manifest: Invalid extension permission: resource://pdf.js/
1582618248426	addons.webextension.screenshots@mozilla.org	WARN	Loading extension 'screenshots@mozilla.org': Reading manifest: Invalid extension permission: about:reader*
JavaScript error: resource://gre/modules/XULStore.jsm, line 66: Error: Can't find profile directory.
1582618250400	Marionette	INFO	Listening on port 13652
1582618250521	Marionette	WARN	TLS certificate errors will be ignored for this session
1582618262914	Marionette	INFO	Stopped listening on port 13652

###!!! [Child][RunMessage] Error: Channel closing: too late to send/recv, messages will be lost


KLIB_SelfTest return : KLR_OK
1582693059497	mozrunner::runner	INFO	Running command: "C:\\Program Files\\Mozilla Firefox\\firefox.exe" "-marionette" "-foreground" "-no-remote" "-profile" "C:\\Users\\Hoony\\AppData\\Local\\Temp\\rust_mozprofileBlPy4o"
1582693059770	addons.webextension.doh-rollout@mozilla.org	WARN	Loading extension 'doh-rollout@mozilla.org': Reading manifest: Invalid extension permission: networkStatus
1582693060012	addons.webextension.screenshots@mozilla.org	WARN	Loading extension 'screenshots@mozilla.org': Reading manifest: Invalid extension permission: mozillaAddons
1582693060012	addons.webextension.screenshots@mozilla.org	WARN	Loading extension 'screenshots@mozilla.org': Reading manifest: Invalid extension permission: telemetry
1582693060012	addons.webextension.screenshots@mozilla.org	WARN	Loading extension 'screenshots@mozilla.org': Reading manifest: Invalid extension permission: resource://pdf.js/
1582693060012	addons.webextension.screenshots@mozilla.org	WARN	Loading extension 'screenshots@mozilla.org': Reading manifest: Invalid extension permission: about:reader*
JavaScript error: resource://gre/modules/XULStore.jsm, line 66: Error: Can't find profile directory.
1582693061753	Marionette	INFO	Listening on port 7268
1582693062117	Marionette	WARN	TLS certificate errors will be ignored for this session
1582693094105	Marionette	INFO	Stopped listening on port 7268

###!!! [Child][RunMessage] Error: Channel closing: too late to send/recv, messages will be lost


###!!! [Child][MessageChannel::SendAndWait] Error: Channel error: cannot send/recv


KLIB_SelfTest return : KLR_OK
1582693175374	mozrunner::runner	INFO	Running command: "C:\\Program Files\\Mozilla Firefox\\firefox.exe" "-marionette" "-foreground" "-no-remote" "-profile" "C:\\Users\\Hoony\\AppData\\Local\\Temp\\rust_mozprofilemh0gn7"
1582693175621	addons.webextension.doh-rollout@mozilla.org	WARN	Loading extension 'doh-rollout@mozilla.org': Reading manifest: Invalid extension permission: networkStatus
1582693175845	addons.webextension.screenshots@mozilla.org	WARN	Loading extension 'screenshots@mozilla.org': Reading manifest: Invalid extension permission: mozillaAddons
1582693175846	addons.webextension.screenshots@mozilla.org	WARN	Loading extension 'screenshots@mozilla.org': Reading manifest: Invalid extension permission: telemetry
1582693175846	addons.webextension.screenshots@mozilla.org	WARN	Loading extension 'screenshots@mozilla.org': Reading manifest: Invalid extension permission: resource://pdf.js/
1582693175846	addons.webextension.screenshots@mozilla.org	WARN	Loading extension 'screenshots@mozilla.org': Reading manifest: Invalid extension permission: about:reader*
JavaScript error: resource://gre/modules/XULStore.jsm, line 66: Error: Can't find profile directory.
1582693177594	Marionette	INFO	Listening on port 7489
1582693177988	Marionette	WARN	TLS certificate errors will be ignored for this session
1582693201844	Marionette	INFO	Stopped listening on port 7489

###!!! [Child][RunMessage] Error: Channel closing: too late to send/recv, messages will be lost


###!!! [Child][MessageChannel::SendAndWait] Error: Channel error: cannot send/recv


KLIB_SelfTest return : KLR_OK
1582693206285	mozrunner::runner	INFO	Running command: "C:\\Program Files\\Mozilla Firefox\\firefox.exe" "-marionette" "-foreground" "-no-remote" "-profile" "C:\\Users\\Hoony\\AppData\\Local\\Temp\\rust_mozprofilegJiEOT"
1582693206539	addons.webextension.doh-rollout@mozilla.org	WARN	Loading extension 'doh-rollout@mozilla.org': Reading manifest: Invalid extension permission: networkStatus
1582693206773	addons.webextension.screenshots@mozilla.org	WARN	Loading extension 'screenshots@mozilla.org': Reading manifest: Invalid extension permission: mozillaAddons
1582693206773	addons.webextension.screenshots@mozilla.org	WARN	Loading extension 'screenshots@mozilla.org': Reading manifest: Invalid extension permission: telemetry
1582693206773	addons.webextension.screenshots@mozilla.org	WARN	Loading extension 'screenshots@mozilla.org': Reading manifest: Invalid extension permission: resource://pdf.js/
1582693206773	addons.webextension.screenshots@mozilla.org	WARN	Loading extension 'screenshots@mozilla.org': Reading manifest: Invalid extension permission: about:reader*
JavaScript error: resource://gre/modules/XULStore.jsm, line 66: Error: Can't find profile directory.
1582693208436	Marionette	INFO	Listening on port 7645
1582693208899	Marionette	WARN	TLS certificate errors will be ignored for this session
1582694371115	Marionette	INFO	Stopped listening on port 7645

###!!! [Child][RunMessage] Error: Channel closing: too late to send/recv, messages will be lost


###!!! [Child][MessageChannel::SendAndWait] Error: Channel error: cannot send/recv


KLIB_SelfTest return : KLR_OK
oading extension 'doh-rollout@mozilla.org': Reading manifest: Invalid extension permission: networkStatus
1582693230833	addons.webextension.screenshots@mozilla.org	WARN	Loading extension 'screenshots@mozilla.org': Reading manifest: Invalid extension permission: mozillaAddons
1582693230833	addons.webextension.screenshots@mozilla.org	WARN	Loading extension 'screenshots@mozilla.org': Reading manifest: Invalid extension permission: telemetry
1582693230833	addons.webextension.screenshots@mozilla.org	WARN	Loading extension 'screenshots@mozilla.org': Reading manifest: Invalid extension permission: resource://pdf.js/
1582693230833	addons.webextension.screenshots@mozilla.org	WARN	Loading extension 'screenshots@mozilla.org': Reading manifest: Invalid extension permission: about:reader*
JavaScript error: resource://gre/modules/XULStore.jsm, line 66: Error: Can't find profile directory.
1582693232487	Marionette	INFO	Listening on port 7799
1582693232966	Marionette	WARN	TLS certificate errors will be ignored for this session
1582694372048	Marionette	INFO	Stopped listening on port 7799

###!!! [Child][RunMessage] Error: Channel closing: too late to send/recv, messages will be lost


###!!! [Child][MessageChannel::SendAndWait] Error: Channel error: cannot send/recv


KLIB_SelfTest return : KLR_OK
oading extension 'doh-rollout@mozilla.org': Reading manifest: Invalid extension permission: networkStatus
1582693270587	addons.webextension.screenshots@mozilla.org	WARN	Loading extension 'screenshots@mozilla.org': Reading manifest: Invalid extension permission: mozillaAddons
1582693270587	addons.webextension.screenshots@mozilla.org	WARN	Loading extension 'screenshots@mozilla.org': Reading manifest: Invalid extension permission: telemetry
1582693270587	addons.webextension.screenshots@mozilla.org	WARN	Loading extension 'screenshots@mozilla.org': Reading manifest: Invalid extension permission: resource://pdf.js/
1582693270587	addons.webextension.screenshots@mozilla.org	WARN	Loading extension 'screenshots@mozilla.org': Reading manifest: Invalid extension permission: about:reader*
JavaScript error: resource://gre/modules/XULStore.jsm, line 66: Error: Can't find profile directory.
1582693272389	Marionette	INFO	Listening on port 7971
1582693272695	Marionette	WARN	TLS certificate errors will be ignored for this session
1582693292331	Marionette	INFO	Stopped listening on port 7971

###!!! [Child][RunMessage] Error: Channel closing: too late to send/recv, messages will be lost


###!!! [Child][MessageChannel::SendAndWait] Error: Channel error: cannot send/recv


KLIB_SelfTest return : KLR_OK
1582693303603	mozrunner::runner	INFO	Running command: "C:\\Program Files\\Mozilla Firefox\\firefox.exe" "-marionette" "-foreground" "-no-remote" "-profile" "C:\\Users\\Hoony\\AppData\\Local\\Temp\\rust_mozprofileZcy8wg"
1582693303868	addons.webextension.doh-rollout@mozilla.org	WARN	Loading extension 'doh-rollout@mozilla.org': Reading manifest: Invalid extension permission: networkStatus
1582693304100	addons.webextension.screenshots@mozilla.org	WARN	Loading extension 'screenshots@mozilla.org': Reading manifest: Invalid extension permission: mozillaAddons
1582693304100	addons.webextension.screenshots@mozilla.org	WARN	Loading extension 'screenshots@mozilla.org': Reading manifest: Invalid extension permission: telemetry
1582693304100	addons.webextension.screenshots@mozilla.org	WARN	Loading extension 'screenshots@mozilla.org': Reading manifest: Invalid extension permission: resource://pdf.js/
1582693304100	addons.webextension.screenshots@mozilla.org	WARN	Loading extension 'screenshots@mozilla.org': Reading manifest: Invalid extension permission: about:reader*
JavaScript error: resource://gre/modules/XULStore.jsm, line 66: Error: Can't find profile directory.
1582693305824	Marionette	INFO	Listening on port 8134
1582693306215	Marionette	WARN	TLS certificate errors will be ignored for this session
JavaScript warning: http://www.encar.com/js/jquery-1.10.2.min.js?v=1582582450494, line 2: Using //@ to indicate sourceMappingURL pragmas is deprecated. Use //# instead
JavaScript warning: http://www.encar.com/js/jquery-1.10.2.min.js?v=1582582450494, line 2: Using //@ to indicate sourceMappingURL pragmas is deprecated. Use //# instead
JavaScript warning: http://www.encar.com/js/jquery-1.10.2.min.js?v=1582582450494, line 2: Using //@ to indicate sourceMappingURL pragmas is deprecated. Use //# instead
JavaScript warning: http://www.encar.com/js/jquery-1.10.2.min.js?v=1582582450494, line 2: Using //@ to indicate sourceMappingURL pragmas is deprecated. Use //# instead
JavaScript error: resource:///actors/ContentMetaChild.jsm, line 167: InvalidStateError: An attempt was made to use an object that is not, or is no longer, usable
JavaScript error: resource://gre/actors/PictureInPictureChild.jsm, line 353: TypeError: this.contentWindow.windowRoot is null
1582694372977	Marionette	INFO	Stopped listening on port 8134

###!!! [Child][RunMessage] Error: Channel closing: too late to send/recv, messages will be lost


###!!! [Child][MessageChannel::SendAndWait] Error: Channel error: cannot send/recv


KLIB_SelfTest return : KLR_OK
oading extension 'doh-rollout@mozilla.org': Reading manifest: Invalid extension permission: networkStatus
1582694178879	addons.webextension.screenshots@mozilla.org	WARN	Loading extension 'screenshots@mozilla.org': Reading manifest: Invalid extension permission: mozillaAddons
1582694178879	addons.webextension.screenshots@mozilla.org	WARN	Loading extension 'screenshots@mozilla.org': Reading manifest: Invalid extension permission: telemetry
1582694178879	addons.webextension.screenshots@mozilla.org	WARN	Loading extension 'screenshots@mozilla.org': Reading manifest: Invalid extension permission: resource://pdf.js/
1582694178879	addons.webextension.screenshots@mozilla.org	WARN	Loading extension 'screenshots@mozilla.org': Reading manifest: Invalid extension permission: about:reader*
JavaScript error: resource://gre/modules/XULStore.jsm, line 66: Error: Can't find profile directory.
1582694180547	Marionette	INFO	Listening on port 9334
1582694181023	Marionette	WARN	TLS certificate errors will be ignored for this session
JavaScript warning: http://www.encar.com/js/jquery-1.10.2.min.js?v=1582582450494, line 2: Using //@ to indicate sourceMappingURL pragmas is deprecated. Use //# instead
1582694373722	Marionette	INFO	Stopped listening on port 9334

###!!! [Child][RunMessage] Error: Channel closing: too late to send/recv, messages will be lost


###!!! [Child][MessageChannel::SendAndWait] Error: Channel error: cannot send/recv


KLIB_SelfTest return : KLR_OK
oading extension 'doh-rollout@mozilla.org': Reading manifest: Invalid extension permission: networkStatus
1582694289802	addons.webextension.screenshots@mozilla.org	WARN	Loading extension 'screenshots@mozilla.org': Reading manifest: Invalid extension permission: mozillaAddons
1582694289802	addons.webextension.screenshots@mozilla.org	WARN	Loading extension 'screenshots@mozilla.org': Reading manifest: Invalid extension permission: telemetry
1582694289802	addons.webextension.screenshots@mozilla.org	WARN	Loading extension 'screenshots@mozilla.org': Reading manifest: Invalid extension permission: resource://pdf.js/
1582694289802	addons.webextension.screenshots@mozilla.org	WARN	Loading extension 'screenshots@mozilla.org': Reading manifest: Invalid extension permission: about:reader*
JavaScript error: resource://gre/modules/XULStore.jsm, line 66: Error: Can't find profile directory.
1582694291557	Marionette	INFO	Listening on port 9522
1582694291885	Marionette	WARN	TLS certificate errors will be ignored for this session
JavaScript warning: http://www.encar.com/js/jquery-1.10.2.min.js?v=1582582450494, line 2: Using //@ to indicate sourceMappingURL pragmas is deprecated. Use //# instead
1582694374465	Marionette	INFO	Stopped listening on port 9522

###!!! [Child][RunMessage] Error: Channel closing: too late to send/recv, messages will be lost


###!!! [Child][MessageChannel::SendAndWait] Error: Channel error: cannot send/recv


KLIB_SelfTest return : KLR_OK
oading extension 'doh-rollout@mozilla.org': Reading manifest: Invalid extension permission: networkStatus
1582694332405	addons.webextension.screenshots@mozilla.org	WARN	Loading extension 'screenshots@mozilla.org': Reading manifest: Invalid extension permission: mozillaAddons
1582694332405	addons.webextension.screenshots@mozilla.org	WARN	Loading extension 'screenshots@mozilla.org': Reading manifest: Invalid extension permission: telemetry
1582694332405	addons.webextension.screenshots@mozilla.org	WARN	Loading extension 'screenshots@mozilla.org': Reading manifest: Invalid extension permission: resource://pdf.js/
1582694332406	addons.webextension.screenshots@mozilla.org	WARN	Loading extension 'screenshots@mozilla.org': Reading manifest: Invalid extension permission: about:reader*
JavaScript error: resource://gre/modules/XULStore.jsm, line 66: Error: Can't find profile directory.
1582694334177	Marionette	INFO	Listening on port 9704
1582694334508	Marionette	WARN	TLS certificate errors will be ignored for this session
JavaScript warning: http://www.encar.com/js/jquery-1.10.2.min.js?v=1582582450494, line 2: Using //@ to indicate sourceMappingURL pragmas is deprecated. Use //# instead
1582694375759	Marionette	INFO	Stopped listening on port 9704

###!!! [Child][RunMessage] Error: Channel closing: too late to send/recv, messages will be lost


###!!! [Child][MessageChannel::SendAndWait] Error: Channel error: cannot send/recv


KLIB_SelfTest return : KLR_OK
1582694561471	mozrunner::runner	INFO	Running command: "C:\\Program Files\\Mozilla Firefox\\firefox.exe" "-marionette" "-foreground" "-no-remote" "-profile" "C:\\Users\\Hoony\\AppData\\Local\\Temp\\rust_mozprofileXeDD7a"
1582694561727	addons.webextension.doh-rollout@mozilla.org	WARN	Loading extension 'doh-rollout@mozilla.org': Reading manifest: Invalid extension permission: networkStatus
1582694561983	addons.webextension.screenshots@mozilla.org	WARN	Loading extension 'screenshots@mozilla.org': Reading manifest: Invalid extension permission: mozillaAddons
1582694561983	addons.webextension.screenshots@mozilla.org	WARN	Loading extension 'screenshots@mozilla.org': Reading manifest: Invalid extension permission: telemetry
1582694561983	addons.webextension.screenshots@mozilla.org	WARN	Loading extension 'screenshots@mozilla.org': Reading manifest: Invalid extension permission: resource://pdf.js/
1582694561983	addons.webextension.screenshots@mozilla.org	WARN	Loading extension 'screenshots@mozilla.org': Reading manifest: Invalid extension permission: about:reader*
JavaScript error: resource://gre/modules/XULStore.jsm, line 66: Error: Can't find profile directory.
1582694563670	Marionette	INFO	Listening on port 10058
1582694564085	Marionette	WARN	TLS certificate errors will be ignored for this session
1582694591057	Marionette	INFO	Stopped listening on port 10058

###!!! [Child][RunMessage] Error: Channel closing: too late to send/recv, messages will be lost


###!!! [Child][MessageChannel::SendAndWait] Error: Channel error: cannot send/recv


KLIB_SelfTest return : KLR_OK
1582694707143	mozrunner::runner	INFO	Running command: "C:\\Program Files\\Mozilla Firefox\\firefox.exe" "-marionette" "-foreground" "-no-remote" "-profile" "C:\\Users\\Hoony\\AppData\\Local\\Temp\\rust_mozprofileO1uDjC"
1582694707402	addons.webextension.doh-rollout@mozilla.org	WARN	Loading extension 'doh-rollout@mozilla.org': Reading manifest: Invalid extension permission: networkStatus
1582694707624	addons.webextension.screenshots@mozilla.org	WARN	Loading extension 'screenshots@mozilla.org': Reading manifest: Invalid extension permission: mozillaAddons
1582694707624	addons.webextension.screenshots@mozilla.org	WARN	Loading extension 'screenshots@mozilla.org': Reading manifest: Invalid extension permission: telemetry
1582694707624	addons.webextension.screenshots@mozilla.org	WARN	Loading extension 'screenshots@mozilla.org': Reading manifest: Invalid extension permission: resource://pdf.js/
1582694707624	addons.webextension.screenshots@mozilla.org	WARN	Loading extension 'screenshots@mozilla.org': Reading manifest: Invalid extension permission: about:reader*
JavaScript error: resource://gre/modules/XULStore.jsm, line 66: Error: Can't find profile directory.
1582694709314	Marionette	INFO	Listening on port 10248
1582694709758	Marionette	WARN	TLS certificate errors will be ignored for this session
1582694729431	Marionette	INFO	Stopped listening on port 10248

###!!! [Child][MessageChannel::SendAndWait] Error: Channel error: cannot send/recv


KLIB_SelfTest return : KLR_OK
1582694733450	mozrunner::runner	INFO	Running command: "C:\\Program Files\\Mozilla Firefox\\firefox.exe" "-marionette" "-foreground" "-no-remote" "-profile" "C:\\Users\\Hoony\\AppData\\Local\\Temp\\rust_mozprofileDjr7YP"
1582694733714	addons.webextension.doh-rollout@mozilla.org	WARN	Loading extension 'doh-rollout@mozilla.org': Reading manifest: Invalid extension permission: networkStatus
1582694733962	addons.webextension.screenshots@mozilla.org	WARN	Loading extension 'screenshots@mozilla.org': Reading manifest: Invalid extension permission: mozillaAddons
1582694733962	addons.webextension.screenshots@mozilla.org	WARN	Loading extension 'screenshots@mozilla.org': Reading manifest: Invalid extension permission: telemetry
1582694733962	addons.webextension.screenshots@mozilla.org	WARN	Loading extension 'screenshots@mozilla.org': Reading manifest: Invalid extension permission: resource://pdf.js/
1582694733962	addons.webextension.screenshots@mozilla.org	WARN	Loading extension 'screenshots@mozilla.org': Reading manifest: Invalid extension permission: about:reader*
JavaScript error: resource://gre/modules/XULStore.jsm, line 66: Error: Can't find profile directory.
1582694735612	Marionette	INFO	Listening on port 10353
1582694736071	Marionette	WARN	TLS certificate errors will be ignored for this session
1582697326704	Marionette	INFO	Stopped listening on port 10353

###!!! [Child][RunMessage] Error: Channel closing: too late to send/recv, messages will be lost


###!!! [Child][MessageChannel::SendAndWait] Error: Channel error: cannot send/recv


KLIB_SelfTest return : KLR_OK
ading extension 'doh-rollout@mozilla.org': Reading manifest: Invalid extension permission: networkStatus
1582694762687	addons.webextension.screenshots@mozilla.org	WARN	Loading extension 'screenshots@mozilla.org': Reading manifest: Invalid extension permission: mozillaAddons
1582694762687	addons.webextension.screenshots@mozilla.org	WARN	Loading extension 'screenshots@mozilla.org': Reading manifest: Invalid extension permission: telemetry
1582694762687	addons.webextension.screenshots@mozilla.org	WARN	Loading extension 'screenshots@mozilla.org': Reading manifest: Invalid extension permission: resource://pdf.js/
1582694762687	addons.webextension.screenshots@mozilla.org	WARN	Loading extension 'screenshots@mozilla.org': Reading manifest: Invalid extension permission: about:reader*
JavaScript error: resource://gre/modules/XULStore.jsm, line 66: Error: Can't find profile directory.
1582694764325	Marionette	INFO	Listening on port 10463
1582694764827	Marionette	WARN	TLS certificate errors will be ignored for this session
JavaScript warning: http://www.encar.com/js/jquery-1.10.2.min.js?v=1582582450494, line 2: Using //@ to indicate sourceMappingURL pragmas is deprecated. Use //# instead
1582694782815	Marionette	INFO	Stopped listening on port 10463

###!!! [Child][RunMessage] Error: Channel closing: too late to send/recv, messages will be lost


###!!! [Child][MessageChannel::SendAndWait] Error: Channel error: cannot send/recv


KLIB_SelfTest return : KLR_OK
1582694786825	mozrunner::runner	INFO	Running command: "C:\\Program Files\\Mozilla Firefox\\firefox.exe" "-marionette" "-foreground" "-no-remote" "-profile" "C:\\Users\\Hoony\\AppData\\Local\\Temp\\rust_mozprofileYQrYWT"
1582694787074	addons.webextension.doh-rollout@mozilla.org	WARN	Loading extension 'doh-rollout@mozilla.org': Reading manifest: Invalid extension permission: networkStatus
1582694787308	addons.webextension.screenshots@mozilla.org	WARN	Loading extension 'screenshots@mozilla.org': Reading manifest: Invalid extension permission: mozillaAddons
1582694787308	addons.webextension.screenshots@mozilla.org	WARN	Loading extension 'screenshots@mozilla.org': Reading manifest: Invalid extension permission: telemetry
1582694787308	addons.webextension.screenshots@mozilla.org	WARN	Loading extension 'screenshots@mozilla.org': Reading manifest: Invalid extension permission: resource://pdf.js/
1582694787308	addons.webextension.screenshots@mozilla.org	WARN	Loading extension 'screenshots@mozilla.org': Reading manifest: Invalid extension permission: about:reader*
JavaScript error: resource://gre/modules/XULStore.jsm, line 66: Error: Can't find profile directory.
1582694789006	Marionette	INFO	Listening on port 10641
1582694789438	Marionette	WARN	TLS certificate errors will be ignored for this session
JavaScript warning: http://www.encar.com/js/jquery-1.10.2.min.js?v=1582582450494, line 2: Using //@ to indicate sourceMappingURL pragmas is deprecated. Use //# instead
1582697327529	Marionette	INFO	Stopped listening on port 10641

###!!! [Child][RunMessage] Error: Channel closing: too late to send/recv, messages will be lost


###!!! [Child][MessageChannel::SendAndWait] Error: Channel error: cannot send/recv


KLIB_SelfTest return : KLR_OK
ading extension 'doh-rollout@mozilla.org': Reading manifest: Invalid extension permission: networkStatus
1582694860990	addons.webextension.screenshots@mozilla.org	WARN	Loading extension 'screenshots@mozilla.org': Reading manifest: Invalid extension permission: mozillaAddons
1582694860990	addons.webextension.screenshots@mozilla.org	WARN	Loading extension 'screenshots@mozilla.org': Reading manifest: Invalid extension permission: telemetry
1582694860991	addons.webextension.screenshots@mozilla.org	WARN	Loading extension 'screenshots@mozilla.org': Reading manifest: Invalid extension permission: resource://pdf.js/
1582694860991	addons.webextension.screenshots@mozilla.org	WARN	Loading extension 'screenshots@mozilla.org': Reading manifest: Invalid extension permission: about:reader*
JavaScript error: resource://gre/modules/XULStore.jsm, line 66: Error: Can't find profile directory.
1582694862729	Marionette	INFO	Listening on port 10828
1582694863088	Marionette	WARN	TLS certificate errors will be ignored for this session
JavaScript warning: http://www.encar.com/js/jquery-1.10.2.min.js?v=1582582450494, line 2: Using //@ to indicate sourceMappingURL pragmas is deprecated. Use //# instead
1582697328238	Marionette	INFO	Stopped listening on port 10828

###!!! [Child][MessageChannel::SendAndWait] Error: Channel error: cannot send/recv


KLIB_SelfTest return : KLR_OK
Local\\Temp\\rust_mozprofileB2cUK4"
1582695413802	addons.webextension.doh-rollout@mozilla.org	WARN	Loading extension 'doh-rollout@mozilla.org': Reading manifest: Invalid extension permission: networkStatus
1582695414060	addons.webextension.screenshots@mozilla.org	WARN	Loading extension 'screenshots@mozilla.org': Reading manifest: Invalid extension permission: mozillaAddons
1582695414060	addons.webextension.screenshots@mozilla.org	WARN	Loading extension 'screenshots@mozilla.org': Reading manifest: Invalid extension permission: telemetry
1582695414061	addons.webextension.screenshots@mozilla.org	WARN	Loading extension 'screenshots@mozilla.org': Reading manifest: Invalid extension permission: resource://pdf.js/
1582695414061	addons.webextension.screenshots@mozilla.org	WARN	Loading extension 'screenshots@mozilla.org': Reading manifest: Invalid extension permission: about:reader*
JavaScript error: resource://gre/modules/XULStore.jsm, line 66: Error: Can't find profile directory.
1582695415742	Marionette	INFO	Listening on port 11191
1582695416159	Marionette	WARN	TLS certificate errors will be ignored for this session
JavaScript warning: http://www.encar.com/js/jquery-1.10.2.min.js?v=1582582450494, line 2: Using //@ to indicate sourceMappingURL pragmas is deprecated. Use //# instead
1582695563627	addons.webextension.<unknown>	WARN	Loading extension 'null': Reading manifest: Warning processing background.persistent: Event pages are not currently supported. This will run as a persistent background page.
1582695564759	addons.webextension.dragfree@kongmemo	WARN	Loading extension 'dragfree@kongmemo': Reading manifest: Warning processing background.persistent: Event pages are not currently supported. This will run as a persistent background page.
Extension error: TypeError: items.dragfreestorage is undefined moz-extension://fb21c2ee-7171-4368-a150-b35c520931e5/releaseDrag.js 88
[[Exception stack
@moz-extension://fb21c2ee-7171-4368-a150-b35c520931e5/releaseDrag.js:88:24
Current stack
applySafeWithoutClone@resource://gre/modules/ExtensionCommon.jsm:619:13
wrapPromise/<@resource://gre/modules/ExtensionCommon.jsm:826:22
]]
Extension error: TypeError: items.dragfreestorage is undefined moz-extension://fb21c2ee-7171-4368-a150-b35c520931e5/releaseDrag.js 88
[[Exception stack
@moz-extension://fb21c2ee-7171-4368-a150-b35c520931e5/releaseDrag.js:88:24
Current stack
applySafeWithoutClone@resource://gre/modules/ExtensionCommon.jsm:619:13
wrapPromise/<@resource://gre/modules/ExtensionCommon.jsm:826:22
]]
Extension error: TypeError: items.dragfreestorage is undefined moz-extension://fb21c2ee-7171-4368-a150-b35c520931e5/releaseDrag.js 88
[[Exception stack
@moz-extension://fb21c2ee-7171-4368-a150-b35c520931e5/releaseDrag.js:88:24
Current stack
applySafeWithoutClone@resource://gre/modules/ExtensionCommon.jsm:619:13
wrapPromise/<@resource://gre/modules/ExtensionCommon.jsm:826:22
]]
Extension error: TypeError: items.dragfreestorage is undefined moz-extension://fb21c2ee-7171-4368-a150-b35c520931e5/releaseDrag.js 88
[[Exception stack
@moz-extension://fb21c2ee-7171-4368-a150-b35c520931e5/releaseDrag.js:88:24
Current stack
applySafeWithoutClone@resource://gre/modules/ExtensionCommon.jsm:619:13
wrapPromise/<@resource://gre/modules/ExtensionCommon.jsm:826:22
]]
Extension error: TypeError: items.dragfreestorage is undefined moz-extension://fb21c2ee-7171-4368-a150-b35c520931e5/releaseDrag.js 88
[[Exception stack
@moz-extension://fb21c2ee-7171-4368-a150-b35c520931e5/releaseDrag.js:88:24
Current stack
applySafeWithoutClone@resource://gre/modules/ExtensionCommon.jsm:619:13
wrapPromise/<@resource://gre/modules/ExtensionCommon.jsm:826:22
]]
Extension error: TypeError: items.dragfreestorage is undefined moz-extension://fb21c2ee-7171-4368-a150-b35c520931e5/releaseDrag.js 88
[[Exception stack
@moz-extension://fb21c2ee-7171-4368-a150-b35c520931e5/releaseDrag.js:88:24
Current stack
applySafeWithoutClone@resource://gre/modules/ExtensionCommon.jsm:619:13
wrapPromise/<@resource://gre/modules/ExtensionCommon.jsm:826:22
]]
Extension error: TypeError: items.dragfreestorage is undefined moz-extension://fb21c2ee-7171-4368-a150-b35c520931e5/releaseDrag.js 88
[[Exception stack
@moz-extension://fb21c2ee-7171-4368-a150-b35c520931e5/releaseDrag.js:88:24
Current stack
applySafeWithoutClone@resource://gre/modules/ExtensionCommon.jsm:619:13
wrapPromise/<@resource://gre/modules/ExtensionCommon.jsm:826:22
]]
Extension error: TypeError: items.dragfreestorage is undefined moz-extension://fb21c2ee-7171-4368-a150-b35c520931e5/releaseDrag.js 88
[[Exception stack
@moz-extension://fb21c2ee-7171-4368-a150-b35c520931e5/releaseDrag.js:88:24
Current stack
applySafeWithoutClone@resource://gre/modules/ExtensionCommon.jsm:619:13
wrapPromise/<@resource://gre/modules/ExtensionCommon.jsm:826:22
]]
Extension error: TypeError: items.dragfreestorage is undefined moz-extension://fb21c2ee-7171-4368-a150-b35c520931e5/releaseDrag.js 88
[[Exception stack
@moz-extension://fb21c2ee-7171-4368-a150-b35c520931e5/releaseDrag.js:88:24
Current stack
applySafeWithoutClone@resource://gre/modules/ExtensionCommon.jsm:619:13
wrapPromise/<@resource://gre/modules/ExtensionCommon.jsm:826:22
]]
Extension error: TypeError: items.dragfreestorage is undefined moz-extension://fb21c2ee-7171-4368-a150-b35c520931e5/releaseDrag.js 88
[[Exception stack
@moz-extension://fb21c2ee-7171-4368-a150-b35c520931e5/releaseDrag.js:88:24
Current stack
applySafeWithoutClone@resource://gre/modules/ExtensionCommon.jsm:619:13
wrapPromise/<@resource://gre/modules/ExtensionCommon.jsm:826:22
]]
Extension error: TypeError: items.dragfreestorage is undefined moz-extension://fb21c2ee-7171-4368-a150-b35c520931e5/releaseDrag.js 88
[[Exception stack
@moz-extension://fb21c2ee-7171-4368-a150-b35c520931e5/releaseDrag.js:88:24
Current stack
applySafeWithoutClone@resource://gre/modules/ExtensionCommon.jsm:619:13
wrapPromise/<@resource://gre/modules/ExtensionCommon.jsm:826:22
]]
Extension error: TypeError: items.dragfreestorage is undefined moz-extension://fb21c2ee-7171-4368-a150-b35c520931e5/releaseDrag.js 88
[[Exception stack
@moz-extension://fb21c2ee-7171-4368-a150-b35c520931e5/releaseDrag.js:88:24
Current stack
applySafeWithoutClone@resource://gre/modules/ExtensionCommon.jsm:619:13
wrapPromise/<@resource://gre/modules/ExtensionCommon.jsm:826:22
]]
Extension error: TypeError: items.dragfreestorage is undefined moz-extension://fb21c2ee-7171-4368-a150-b35c520931e5/releaseDrag.js 88
[[Exception stack
@moz-extension://fb21c2ee-7171-4368-a150-b35c520931e5/releaseDrag.js:88:24
Current stack
applySafeWithoutClone@resource://gre/modules/ExtensionCommon.jsm:619:13
wrapPromise/<@resource://gre/modules/ExtensionCommon.jsm:826:22
]]
Extension error: TypeError: items.dragfreestorage is undefined moz-extension://fb21c2ee-7171-4368-a150-b35c520931e5/releaseDrag.js 88
[[Exception stack
@moz-extension://fb21c2ee-7171-4368-a150-b35c520931e5/releaseDrag.js:88:24
Current stack
applySafeWithoutClone@resource://gre/modules/ExtensionCommon.jsm:619:13
wrapPromise/<@resource://gre/modules/ExtensionCommon.jsm:826:22
]]
Extension error: TypeError: items.dragfreestorage is undefined moz-extension://fb21c2ee-7171-4368-a150-b35c520931e5/releaseDrag.js 88
[[Exception stack
@moz-extension://fb21c2ee-7171-4368-a150-b35c520931e5/releaseDrag.js:88:24
Current stack
applySafeWithoutClone@resource://gre/modules/ExtensionCommon.jsm:619:13
wrapPromise/<@resource://gre/modules/ExtensionCommon.jsm:826:22
]]
JavaScript error: resource:///actors/AboutReaderChild.jsm, line 95: NS_ERROR_UNEXPECTED: 

###!!! [Child][MessageChannel] Error: (msgtype=0x370135,name=PContent::Msg_DetachBrowsingContext) Closed channel: cannot send/recv

ze11"
*** You are running in headless mode.
1582696074034	addons.webextension.doh-rollout@mozilla.org	WARN	Loading extension 'doh-rollout@mozilla.org': Reading manifest: Invalid extension permission: networkStatus
1582696074286	addons.webextension.screenshots@mozilla.org	WARN	Loading extension 'screenshots@mozilla.org': Reading manifest: Invalid extension permission: mozillaAddons
1582696074286	addons.webextension.screenshots@mozilla.org	WARN	Loading extension 'screenshots@mozilla.org': Reading manifest: Invalid extension permission: telemetry
1582696074286	addons.webextension.screenshots@mozilla.org	WARN	Loading extension 'screenshots@mozilla.org': Reading manifest: Invalid extension permission: resource://pdf.js/
1582696074286	addons.webextension.screenshots@mozilla.org	WARN	Loading extension 'screenshots@mozilla.org': Reading manifest: Invalid extension permission: about:reader*
JavaScript error: resource://gre/modules/XULStore.jsm, line 66: Error: Can't find profile directory.
1582696075260	Marionette	INFO	Listening on port 11609
1582696075293	Marionette	WARN	TLS certificate errors will be ignored for this session
JavaScript warning: http://www.encar.com/js/jquery-1.10.2.min.js?v=1582582450494, line 2: Using //@ to indicate sourceMappingURL pragmas is deprecated. Use //# instead
1582696205125	mozrunner::runner	INFO	Running command: "C:\\Program Files\\Mozilla Firefox\\firefox.exe" "-marionette" "--headless" "-foreground" "-no-remote" "-profile" "C:\\Users\\Hoony\\AppData\\Local\\Temp\\rust_mozprofileYpGakk"
*** You are running in headless mode.
1582696205385	addons.webextension.doh-rollout@mozilla.org	WARN	Loading extension 'doh-rollout@mozilla.org': Reading manifest: Invalid extension permission: networkStatus
1582696205670	addons.webextension.screenshots@mozilla.org	WARN	Loading extension 'screenshots@mozilla.org': Reading manifest: Invalid extension permission: mozillaAddons
1582696205670	addons.webextension.screenshots@mozilla.org	WARN	Loading extension 'screenshots@mozilla.org': Reading manifest: Invalid extension permission: telemetry
1582696205670	addons.webextension.screenshots@mozilla.org	WARN	Loading extension 'screenshots@mozilla.org': Reading manifest: Invalid extension permission: resource://pdf.js/
1582696205670	addons.webextension.screenshots@mozilla.org	WARN	Loading extension 'screenshots@mozilla.org': Reading manifest: Invalid extension permission: about:reader*
JavaScript error: resource://gre/modules/XULStore.jsm, line 66: Error: Can't find profile directory.
1582696206695	Marionette	INFO	Listening on port 11882
1582696207134	Marionette	WARN	TLS certificate errors will be ignored for this session
JavaScript warning: http://www.encar.com/js/jquery-1.10.2.min.js?v=1582582450494, line 2: Using //@ to indicate sourceMappingURL pragmas is deprecated. Use //# instead
Exiting due to channel error.
Exiting due to channel error.
gram Files\\Mozilla Firefox\\firefox.exe" "-marionette" "--headless" "-foreground" "-no-remote" "-profile" "C:\\Users\\Hoony\\AppData\\Local\\Temp\\rust_mozprofiles7d0m6"
*** You are running in headless mode.
1582696279828	addons.webextension.doh-rollout@mozilla.org	WARN	Loading extension 'doh-rollout@mozilla.org': Reading manifest: Invalid extension permission: networkStatus
1582696280065	addons.webextension.screenshots@mozilla.org	WARN	Loading extension 'screenshots@mozilla.org': Reading manifest: Invalid extension permission: mozillaAddons
1582696280065	addons.webextension.screenshots@mozilla.org	WARN	Loading extension 'screenshots@mozilla.org': Reading manifest: Invalid extension permission: telemetry
1582696280066	addons.webextension.screenshots@mozilla.org	WARN	Loading extension 'screenshots@mozilla.org': Reading manifest: Invalid extension permission: resource://pdf.js/
1582696280066	addons.webextension.screenshots@mozilla.org	WARN	Loading extension 'screenshots@mozilla.org': Reading manifest: Invalid extension permission: about:reader*
JavaScript error: resource://gre/modules/XULStore.jsm, line 66: Error: Can't find profile directory.
1582696281029	Marionette	INFO	Listening on port 12072
1582696281085	Marionette	WARN	TLS certificate errors will be ignored for this session
Exiting due to channel error.
	INFO	Running command: "C:\\Program Files\\Mozilla Firefox\\firefox.exe" "-marionette" "--headless" "-foreground" "-no-remote" "-profile" "C:\\Users\\Hoony\\AppData\\Local\\Temp\\rust_mozprofileI5nIUr"
*** You are running in headless mode.
1582696299203	addons.webextension.doh-rollout@mozilla.org	WARN	Loading extension 'doh-rollout@mozilla.org': Reading manifest: Invalid extension permission: networkStatus
1582696299445	addons.webextension.screenshots@mozilla.org	WARN	Loading extension 'screenshots@mozilla.org': Reading manifest: Invalid extension permission: mozillaAddons
1582696299445	addons.webextension.screenshots@mozilla.org	WARN	Loading extension 'screenshots@mozilla.org': Reading manifest: Invalid extension permission: telemetry
1582696299445	addons.webextension.screenshots@mozilla.org	WARN	Loading extension 'screenshots@mozilla.org': Reading manifest: Invalid extension permission: resource://pdf.js/
1582696299445	addons.webextension.screenshots@mozilla.org	WARN	Loading extension 'screenshots@mozilla.org': Reading manifest: Invalid extension permission: about:reader*
JavaScript error: resource://gre/modules/XULStore.jsm, line 66: Error: Can't find profile directory.
1582696300485	Marionette	INFO	Listening on port 12218
1582696300948	Marionette	WARN	TLS certificate errors will be ignored for this session
Exiting due to channel error.
	INFO	Running command: "C:\\Program Files\\Mozilla Firefox\\firefox.exe" "-marionette" "--headless" "-foreground" "-no-remote" "-profile" "C:\\Users\\Hoony\\AppData\\Local\\Temp\\rust_mozprofilesKqqJv"
*** You are running in headless mode.
1582696349406	addons.webextension.doh-rollout@mozilla.org	WARN	Loading extension 'doh-rollout@mozilla.org': Reading manifest: Invalid extension permission: networkStatus
1582696349662	addons.webextension.screenshots@mozilla.org	WARN	Loading extension 'screenshots@mozilla.org': Reading manifest: Invalid extension permission: mozillaAddons
1582696349662	addons.webextension.screenshots@mozilla.org	WARN	Loading extension 'screenshots@mozilla.org': Reading manifest: Invalid extension permission: telemetry
1582696349662	addons.webextension.screenshots@mozilla.org	WARN	Loading extension 'screenshots@mozilla.org': Reading manifest: Invalid extension permission: resource://pdf.js/
1582696349662	addons.webextension.screenshots@mozilla.org	WARN	Loading extension 'screenshots@mozilla.org': Reading manifest: Invalid extension permission: about:reader*
JavaScript error: resource://gre/modules/XULStore.jsm, line 66: Error: Can't find profile directory.
1582696350631	Marionette	INFO	Listening on port 12375
1582696350661	Marionette	WARN	TLS certificate errors will be ignored for this session
JavaScript warning: http://www.encar.com/js/jquery-1.10.2.min.js?v=1582582450494, line 2: Using //@ to indicate sourceMappingURL pragmas is deprecated. Use //# instead
Exiting due to channel error.
	INFO	Running command: "C:\\Program Files\\Mozilla Firefox\\firefox.exe" "-marionette" "--headless" "-foreground" "-no-remote" "-profile" "C:\\Users\\Hoony\\AppData\\Local\\Temp\\rust_mozprofileC5sLKd"
*** You are running in headless mode.
1582696382399	addons.webextension.doh-rollout@mozilla.org	WARN	Loading extension 'doh-rollout@mozilla.org': Reading manifest: Invalid extension permission: networkStatus
1582696382624	addons.webextension.screenshots@mozilla.org	WARN	Loading extension 'screenshots@mozilla.org': Reading manifest: Invalid extension permission: mozillaAddons
1582696382624	addons.webextension.screenshots@mozilla.org	WARN	Loading extension 'screenshots@mozilla.org': Reading manifest: Invalid extension permission: telemetry
1582696382624	addons.webextension.screenshots@mozilla.org	WARN	Loading extension 'screenshots@mozilla.org': Reading manifest: Invalid extension permission: resource://pdf.js/
1582696382624	addons.webextension.screenshots@mozilla.org	WARN	Loading extension 'screenshots@mozilla.org': Reading manifest: Invalid extension permission: about:reader*
JavaScript error: resource://gre/modules/XULStore.jsm, line 66: Error: Can't find profile directory.
1582696383572	Marionette	INFO	Listening on port 12562
1582696383657	Marionette	WARN	TLS certificate errors will be ignored for this session
JavaScript warning: http://www.encar.com/js/jquery-1.10.2.min.js?v=1582582450494, line 2: Using //@ to indicate sourceMappingURL pragmas is deprecated. Use //# instead
Exiting due to channel error.
	INFO	Running command: "C:\\Program Files\\Mozilla Firefox\\firefox.exe" "-marionette" "--headless" "-foreground" "-no-remote" "-profile" "C:\\Users\\Hoony\\AppData\\Local\\Temp\\rust_mozprofileSQgpU0"
*** You are running in headless mode.
1582696482748	addons.webextension.doh-rollout@mozilla.org	WARN	Loading extension 'doh-rollout@mozilla.org': Reading manifest: Invalid extension permission: networkStatus
1582696483001	addons.webextension.screenshots@mozilla.org	WARN	Loading extension 'screenshots@mozilla.org': Reading manifest: Invalid extension permission: mozillaAddons
1582696483001	addons.webextension.screenshots@mozilla.org	WARN	Loading extension 'screenshots@mozilla.org': Reading manifest: Invalid extension permission: telemetry
1582696483001	addons.webextension.screenshots@mozilla.org	WARN	Loading extension 'screenshots@mozilla.org': Reading manifest: Invalid extension permission: resource://pdf.js/
1582696483001	addons.webextension.screenshots@mozilla.org	WARN	Loading extension 'screenshots@mozilla.org': Reading manifest: Invalid extension permission: about:reader*
JavaScript error: resource://gre/modules/XULStore.jsm, line 66: Error: Can't find profile directory.
1582696483986	Marionette	INFO	Listening on port 12786
1582696484001	Marionette	WARN	TLS certificate errors will be ignored for this session
JavaScript warning: http://www.encar.com/js/jquery-1.10.2.min.js?v=1582582450494, line 2: Using //@ to indicate sourceMappingURL pragmas is deprecated. Use //# instead
1582696512886	mozrunner::runner	INFO	Running command: "C:\\Program Files\\Mozilla Firefox\\firefox.exe" "-marionette" "--headless" "-foreground" "-no-remote" "-profile" "C:\\Users\\Hoony\\AppData\\Local\\Temp\\rust_mozprofileKLUHQd"
*** You are running in headless mode.
1582696513162	addons.webextension.doh-rollout@mozilla.org	WARN	Loading extension 'doh-rollout@mozilla.org': Reading manifest: Invalid extension permission: networkStatus
1582696513412	addons.webextension.screenshots@mozilla.org	WARN	Loading extension 'screenshots@mozilla.org': Reading manifest: Invalid extension permission: mozillaAddons
1582696513412	addons.webextension.screenshots@mozilla.org	WARN	Loading extension 'screenshots@mozilla.org': Reading manifest: Invalid extension permission: telemetry
1582696513412	addons.webextension.screenshots@mozilla.org	WARN	Loading extension 'screenshots@mozilla.org': Reading manifest: Invalid extension permission: resource://pdf.js/
1582696513412	addons.webextension.screenshots@mozilla.org	WARN	Loading extension 'screenshots@mozilla.org': Reading manifest: Invalid extension permission: about:reader*
JavaScript error: resource://gre/modules/XULStore.jsm, line 66: Error: Can't find profile directory.
1582696514405	Marionette	INFO	Listening on port 12958
1582696514896	Marionette	WARN	TLS certificate errors will be ignored for this session
Exiting due to channel error.
Exiting due to channel error.
Exiting due to channel error.
refox.exe" "-marionette" "--headless" "-foreground" "-no-remote" "-profile" "C:\\Users\\Hoony\\AppData\\Local\\Temp\\rust_mozprofileJxbY58"
*** You are running in headless mode.
1582696587150	addons.webextension.doh-rollout@mozilla.org	WARN	Loading extension 'doh-rollout@mozilla.org': Reading manifest: Invalid extension permission: networkStatus
1582696587386	addons.webextension.screenshots@mozilla.org	WARN	Loading extension 'screenshots@mozilla.org': Reading manifest: Invalid extension permission: mozillaAddons
1582696587386	addons.webextension.screenshots@mozilla.org	WARN	Loading extension 'screenshots@mozilla.org': Reading manifest: Invalid extension permission: telemetry
1582696587387	addons.webextension.screenshots@mozilla.org	WARN	Loading extension 'screenshots@mozilla.org': Reading manifest: Invalid extension permission: resource://pdf.js/
1582696587387	addons.webextension.screenshots@mozilla.org	WARN	Loading extension 'screenshots@mozilla.org': Reading manifest: Invalid extension permission: about:reader*
JavaScript error: resource://gre/modules/XULStore.jsm, line 66: Error: Can't find profile directory.
1582696588376	Marionette	INFO	Listening on port 13162
1582696588392	Marionette	WARN	TLS certificate errors will be ignored for this session
JavaScript warning: http://www.encar.com/js/jquery-1.10.2.min.js?v=1582582450494, line 2: Using //@ to indicate sourceMappingURL pragmas is deprecated. Use //# instead
1582696613001	mozrunner::runner	INFO	Running command: "C:\\Program Files\\Mozilla Firefox\\firefox.exe" "-marionette" "--headless" "-foreground" "-no-remote" "-profile" "C:\\Users\\Hoony\\AppData\\Local\\Temp\\rust_mozprofileJSoFKS"
*** You are running in headless mode.
1582696613265	addons.webextension.doh-rollout@mozilla.org	WARN	Loading extension 'doh-rollout@mozilla.org': Reading manifest: Invalid extension permission: networkStatus
1582696613524	addons.webextension.screenshots@mozilla.org	WARN	Loading extension 'screenshots@mozilla.org': Reading manifest: Invalid extension permission: mozillaAddons
1582696613524	addons.webextension.screenshots@mozilla.org	WARN	Loading extension 'screenshots@mozilla.org': Reading manifest: Invalid extension permission: telemetry
1582696613524	addons.webextension.screenshots@mozilla.org	WARN	Loading extension 'screenshots@mozilla.org': Reading manifest: Invalid extension permission: resource://pdf.js/
1582696613524	addons.webextension.screenshots@mozilla.org	WARN	Loading extension 'screenshots@mozilla.org': Reading manifest: Invalid extension permission: about:reader*
JavaScript error: resource://gre/modules/XULStore.jsm, line 66: Error: Can't find profile directory.
1582696614554	Marionette	INFO	Listening on port 13356
1582696615014	Marionette	WARN	TLS certificate errors will be ignored for this session
JavaScript warning: http://www.encar.com/js/jquery-1.10.2.min.js?v=1582582450494, line 2: Using //@ to indicate sourceMappingURL pragmas is deprecated. Use //# instead
1582696638889	mozrunner::runner	INFO	Running command: "C:\\Program Files\\Mozilla Firefox\\firefox.exe" "-marionette" "--headless" "-foreground" "-no-remote" "-profile" "C:\\Users\\Hoony\\AppData\\Local\\Temp\\rust_mozprofilen208z6"
*** You are running in headless mode.
1582696639152	addons.webextension.doh-rollout@mozilla.org	WARN	Loading extension 'doh-rollout@mozilla.org': Reading manifest: Invalid extension permission: networkStatus
1582696639423	addons.webextension.screenshots@mozilla.org	WARN	Loading extension 'screenshots@mozilla.org': Reading manifest: Invalid extension permission: mozillaAddons
1582696639423	addons.webextension.screenshots@mozilla.org	WARN	Loading extension 'screenshots@mozilla.org': Reading manifest: Invalid extension permission: telemetry
1582696639424	addons.webextension.screenshots@mozilla.org	WARN	Loading extension 'screenshots@mozilla.org': Reading manifest: Invalid extension permission: resource://pdf.js/
1582696639424	addons.webextension.screenshots@mozilla.org	WARN	Loading extension 'screenshots@mozilla.org': Reading manifest: Invalid extension permission: about:reader*
JavaScript error: resource://gre/modules/XULStore.jsm, line 66: Error: Can't find profile directory.
1582696640420	Marionette	INFO	Listening on port 13539
1582696640901	Marionette	WARN	TLS certificate errors will be ignored for this session
JavaScript warning: http://www.encar.com/js/jquery-1.10.2.min.js?v=1582582450494, line 2: Using //@ to indicate sourceMappingURL pragmas is deprecated. Use //# instead
Exiting due to channel error.
Exiting due to channel error.
